<?xml version="1.0" encoding="UTF-8"?>
<testng-results ignored="0" total="3" passed="3" failed="0" skipped="0">
  <reporter-output>
  </reporter-output>
  <suite started-at="2022-11-13T19:42:47 IST" name="Suite" finished-at="2022-11-13T19:43:36 IST" duration-ms="49266">
    <groups>
      <group name="cucumber">
        <method signature="AbstractTestNGCucumberTests.runScenario(io.cucumber.testng.PickleWrapper, io.cucumber.testng.FeatureWrapper)[pri:0, instance:StepDefinition.TestRunner@649bec2e]" name="runScenario" class="io.cucumber.testng.AbstractTestNGCucumberTests"/>
      </group> <!-- cucumber -->
    </groups>
    <test started-at="2022-11-13T19:42:47 IST" name="Test" finished-at="2022-11-13T19:43:36 IST" duration-ms="49266">
      <class name="StepDefinition.TestRunner">
        <test-method is-config="true" signature="setUpClass()[pri:0, instance:StepDefinition.TestRunner@649bec2e]" started-at="2022-11-13T19:42:47 IST" name="setUpClass" finished-at="2022-11-13T19:42:48 IST" duration-ms="713" status="PASS">
          <reporter-output>
          </reporter-output>
        </test-method> <!-- setUpClass -->
        <test-method is-config="true" signature="first()[pri:0, instance:StepDefinition.TestRunner@649bec2e]" started-at="2022-11-13T19:42:48 IST" name="first" finished-at="2022-11-13T19:42:48 IST" duration-ms="1" status="PASS">
          <reporter-output>
          </reporter-output>
        </test-method> <!-- first -->
        <test-method signature="runScenario(io.cucumber.testng.PickleWrapper, io.cucumber.testng.FeatureWrapper)[pri:0, instance:StepDefinition.TestRunner@649bec2e]" started-at="2022-11-13T19:42:48 IST" name="runScenario" description="Runs Cucumber Scenarios" data-provider="scenarios" finished-at="2022-11-13T19:42:59 IST" duration-ms="11778" status="PASS">
          <params>
            <param index="0">
              <value>
                <![CDATA["Verification of the URL"]]>
              </value>
            </param>
            <param index="1">
              <value>
                <![CDATA["feature to test opening the browser functionality"]]>
              </value>
            </param>
          </params>
          <reporter-output>
          </reporter-output>
        </test-method> <!-- runScenario -->
        <test-method signature="runScenario(io.cucumber.testng.PickleWrapper, io.cucumber.testng.FeatureWrapper)[pri:0, instance:StepDefinition.TestRunner@649bec2e]" started-at="2022-11-13T19:42:59 IST" name="runScenario" description="Runs Cucumber Scenarios" data-provider="scenarios" finished-at="2022-11-13T19:43:16 IST" duration-ms="16138" status="PASS">
          <params>
            <param index="0">
              <value>
                <![CDATA["Check search is successful or not"]]>
              </value>
            </param>
            <param index="1">
              <value>
                <![CDATA["feature to test search functionality"]]>
              </value>
            </param>
          </params>
          <reporter-output>
          </reporter-output>
        </test-method> <!-- runScenario -->
        <test-method signature="runScenario(io.cucumber.testng.PickleWrapper, io.cucumber.testng.FeatureWrapper)[pri:0, instance:StepDefinition.TestRunner@649bec2e]" started-at="2022-11-13T19:43:16 IST" name="runScenario" description="Runs Cucumber Scenarios" data-provider="scenarios" finished-at="2022-11-13T19:43:36 IST" duration-ms="20147" status="PASS">
          <params>
            <param index="0">
              <value>
                <![CDATA["Check search is successful or not"]]>
              </value>
            </param>
            <param index="1">
              <value>
                <![CDATA["feature to test search functionality"]]>
              </value>
            </param>
          </params>
          <reporter-output>
          </reporter-output>
        </test-method> <!-- runScenario -->
        <test-method is-config="true" signature="tearDownClass()[pri:0, instance:StepDefinition.TestRunner@649bec2e]" started-at="2022-11-13T19:43:36 IST" name="tearDownClass" finished-at="2022-11-13T19:43:36 IST" duration-ms="405" status="PASS">
          <reporter-output>
          </reporter-output>
        </test-method> <!-- tearDownClass -->
        <test-method is-config="true" signature="last()[pri:0, instance:StepDefinition.TestRunner@649bec2e]" started-at="2022-11-13T19:43:36 IST" name="last" finished-at="2022-11-13T19:43:36 IST" duration-ms="0" status="PASS">
          <reporter-output>
          </reporter-output>
        </test-method> <!-- last -->
      </class> <!-- StepDefinition.TestRunner -->
    </test> <!-- Test -->
  </suite> <!-- Suite -->
</testng-results>
